[2019-02-04 23:36:20.988] [sharedprocess] [info] main {"machineId":"c4c6a15019671e780e9129586103970e5686d019dd1230557a9c8e55a93f59ed"}
[2019-02-04 23:36:21.573] [sharedprocess] [info] Scanned user extensions: 1
[2019-02-04 23:36:23.651] [sharedprocess] [info] Deleted from disk vscodevim.vim-1.0.3
[2019-02-04 23:36:23.762] [sharedprocess] [info] Scanned system extensions: 71
[2019-02-04 23:36:25.163] [sharedprocess] [info] Scanned user extensions: 1
[2019-02-04 23:36:25.174] [sharedprocess] [info] Scanned system extensions: 71
[2019-02-04 23:36:25.433] [sharedprocess] [info] Scanned user extensions: 1
[2019-02-04 23:37:00.992] [sharedprocess] [info] Starting to clean up unused language packs.
[2019-02-04 23:41:25.444] [sharedprocess] [info] Scanned user extensions: 1
[2019-02-04 23:46:25.449] [sharedprocess] [info] Scanned user extensions: 1
[2019-02-04 23:51:25.454] [sharedprocess] [info] Scanned user extensions: 1
[2019-02-04 23:56:25.462] [sharedprocess] [info] Scanned user extensions: 1
[2019-02-05 00:01:25.468] [sharedprocess] [info] Scanned user extensions: 1
[2019-02-05 00:06:25.472] [sharedprocess] [info] Scanned user extensions: 1
[2019-02-05 00:11:25.478] [sharedprocess] [info] Scanned user extensions: 1
[2019-02-05 00:16:25.485] [sharedprocess] [info] Scanned user extensions: 1
[2019-02-05 00:21:25.494] [sharedprocess] [info] Scanned user extensions: 1
[2019-02-05 00:26:25.500] [sharedprocess] [info] Scanned user extensions: 1
[2019-02-05 00:31:25.506] [sharedprocess] [info] Scanned user extensions: 1
[2019-02-05 00:36:25.513] [sharedprocess] [info] Scanned user extensions: 1
[2019-02-05 00:41:25.519] [sharedprocess] [info] Scanned user extensions: 1
[2019-02-05 00:46:25.530] [sharedprocess] [info] Scanned user extensions: 1
[2019-02-05 00:51:25.540] [sharedprocess] [info] Scanned user extensions: 1
[2019-02-05 00:56:25.549] [sharedprocess] [info] Scanned user extensions: 1
[2019-02-05 01:01:25.557] [sharedprocess] [info] Scanned user extensions: 1
[2019-02-05 01:06:25.565] [sharedprocess] [info] Scanned user extensions: 1
[2019-02-05 01:11:25.574] [sharedprocess] [info] Scanned user extensions: 1
[2019-02-05 01:16:25.582] [sharedprocess] [info] Scanned user extensions: 1
[2019-02-05 01:21:25.587] [sharedprocess] [info] Scanned user extensions: 1
[2019-02-05 01:26:25.591] [sharedprocess] [info] Scanned user extensions: 1
[2019-02-05 01:31:25.596] [sharedprocess] [info] Scanned user extensions: 1
[2019-02-05 01:36:25.602] [sharedprocess] [info] Scanned user extensions: 1
[2019-02-05 01:41:25.611] [sharedprocess] [info] Scanned user extensions: 1
[2019-02-05 01:46:25.618] [sharedprocess] [info] Scanned user extensions: 1
[2019-02-05 01:51:25.625] [sharedprocess] [info] Scanned user extensions: 1
