[2019-01-21 23:48:58.139] [sharedprocess] [info] main {"machineId":"c4c6a15019671e780e9129586103970e5686d019dd1230557a9c8e55a93f59ed"}
[2019-01-21 23:48:58.516] [sharedprocess] [info] Scanned user extensions: 1
[2019-01-21 23:48:59.618] [sharedprocess] [info] Scanned system extensions: 71
[2019-01-21 23:49:00.648] [sharedprocess] [info] Scanned user extensions: 1
[2019-01-21 23:49:00.662] [sharedprocess] [info] Scanned system extensions: 71
[2019-01-21 23:49:01.187] [sharedprocess] [info] Scanned user extensions: 1
[2019-01-21 23:49:03.240] [sharedprocess] [info] Installing extension: vim
[2019-01-21 23:49:03.242] [sharedprocess] [info] Scanned user extensions: 1
[2019-01-21 23:49:05.051] [sharedprocess] [info] Downloaded extension: vim /tmp/a7e0e9a5-a22c-44d1-a08d-220dd4a76448
[2019-01-21 23:49:06.279] [sharedprocess] [info] Extracted extension to /home/valerio/.vscode-oss/extensions/.vscodevim.vim-1.0.3: vscodevim.vim-1.0.3
[2019-01-21 23:49:06.280] [sharedprocess] [info] Renamed to /home/valerio/.vscode-oss/extensions/vscodevim.vim-1.0.3
[2019-01-21 23:49:06.281] [sharedprocess] [info] Installation completed. vscodevim.vim-1.0.3
[2019-01-21 23:49:06.365] [sharedprocess] [info] Extensions installed successfully: vscodevim.vim
[2019-01-21 23:49:38.143] [sharedprocess] [info] Starting to clean up unused language packs.
[2019-01-21 23:50:54.072] [sharedprocess] [info] Scanned user extensions: 1
[2019-01-21 23:50:54.073] [sharedprocess] [info] Scanned user extensions: 1
[2019-01-21 23:50:54.076] [sharedprocess] [info] Scanned user extensions: 1
[2019-01-21 23:50:54.082] [sharedprocess] [info] Scanned user extensions: 1
[2019-01-21 23:50:54.122] [sharedprocess] [info] Scanned system extensions: 71
[2019-01-21 23:50:54.124] [sharedprocess] [info] Scanned system extensions: 71
[2019-01-21 23:50:54.127] [sharedprocess] [info] Scanned system extensions: 71
[2019-01-21 23:54:01.194] [sharedprocess] [info] Scanned user extensions: 1
[2019-01-21 23:55:19.387] [sharedprocess] [info] Scanned user extensions: 1
[2019-01-21 23:59:01.203] [sharedprocess] [info] Scanned user extensions: 1
[2019-01-22 00:04:01.212] [sharedprocess] [info] Scanned user extensions: 1
[2019-01-22 00:09:01.217] [sharedprocess] [info] Scanned user extensions: 1
[2019-01-22 00:14:01.225] [sharedprocess] [info] Scanned user extensions: 1
[2019-01-22 00:19:01.232] [sharedprocess] [info] Scanned user extensions: 1
[2019-01-22 00:24:01.237] [sharedprocess] [info] Scanned user extensions: 1
[2019-01-22 00:29:01.247] [sharedprocess] [info] Scanned user extensions: 1
[2019-01-22 00:34:01.258] [sharedprocess] [info] Scanned user extensions: 1
[2019-01-22 00:39:01.269] [sharedprocess] [info] Scanned user extensions: 1
[2019-01-22 00:44:01.277] [sharedprocess] [info] Scanned user extensions: 1
[2019-01-22 00:49:01.282] [sharedprocess] [info] Scanned user extensions: 1
[2019-01-22 00:54:01.288] [sharedprocess] [info] Scanned user extensions: 1
[2019-01-22 00:59:01.296] [sharedprocess] [info] Scanned user extensions: 1
[2019-01-22 01:04:01.304] [sharedprocess] [info] Scanned user extensions: 1
[2019-01-22 01:09:01.310] [sharedprocess] [info] Scanned user extensions: 1
[2019-01-22 01:14:01.318] [sharedprocess] [info] Scanned user extensions: 1
[2019-01-22 01:19:01.329] [sharedprocess] [info] Scanned user extensions: 1
[2019-01-22 01:24:01.337] [sharedprocess] [info] Scanned user extensions: 1
[2019-01-22 01:29:01.345] [sharedprocess] [info] Scanned user extensions: 1
[2019-01-22 01:34:01.355] [sharedprocess] [info] Scanned user extensions: 1
[2019-01-22 01:39:01.364] [sharedprocess] [info] Scanned user extensions: 1
[2019-01-22 01:44:01.370] [sharedprocess] [info] Scanned user extensions: 1
[2019-01-22 01:49:01.375] [sharedprocess] [info] Scanned user extensions: 1
[2019-01-22 01:54:01.382] [sharedprocess] [info] Scanned user extensions: 1
