[2019-01-21 23:49:02.017] [exthost] [info] extension host started
[2019-01-21 23:49:02.027] [exthost] [info] ExtensionService#_doActivateExtension vscode.debug-auto-launch {"startup":true,"activationEvent":"*"}
[2019-01-21 23:49:02.027] [exthost] [info] ExtensionService#loadCommonJSModule /usr/lib/code/extensions/debug-auto-launch/dist/extension
[2019-01-21 23:49:02.098] [exthost] [info] ExtensionService#_doActivateExtension vscode.emmet {"startup":true,"activationEvent":"*"}
[2019-01-21 23:49:02.098] [exthost] [info] ExtensionService#loadCommonJSModule /usr/lib/code/extensions/emmet/dist/extension
[2019-01-21 23:49:02.191] [exthost] [info] ExtensionService#_doActivateExtension vscode.git {"startup":true,"activationEvent":"*"}
[2019-01-21 23:49:02.191] [exthost] [info] ExtensionService#loadCommonJSModule /usr/lib/code/extensions/git/dist/main
[2019-01-21 23:49:02.319] [exthost] [info] ExtensionService#_doActivateExtension vscode.merge-conflict {"startup":true,"activationEvent":"*"}
[2019-01-21 23:49:02.319] [exthost] [info] ExtensionService#loadCommonJSModule /usr/lib/code/extensions/merge-conflict/dist/extension
[2019-01-21 23:49:02.392] [exthost] [info] ExtensionService#_doActivateExtension vscodevim.vim {"startup":true,"activationEvent":"*"}
[2019-01-21 23:49:02.392] [exthost] [info] ExtensionService#loadCommonJSModule /home/valerio/.vscode-oss/extensions/vscodevim.vim-1.0.2/out/extension
[2019-01-21 23:49:03.833] [exthost] [info] eager extensions activated
[2019-01-21 23:49:03.970] [exthost] [info] ExtensionService#_doActivateExtension vscode.configuration-editing {"startup":false,"activationEvent":"onLanguage:jsonc"}
[2019-01-21 23:49:03.970] [exthost] [info] ExtensionService#loadCommonJSModule /usr/lib/code/extensions/configuration-editing/dist/extension
[2019-01-21 23:49:04.143] [exthost] [info] ExtensionService#_doActivateExtension vscode.json-language-features {"startup":false,"activationEvent":"onLanguage:jsonc"}
[2019-01-21 23:49:04.143] [exthost] [info] ExtensionService#loadCommonJSModule /usr/lib/code/extensions/json-language-features/client/dist/jsonMain
[2019-01-21 23:49:04.277] [exthost] [info] ExtensionService#_doActivateExtension vscode.typescript-language-features {"startup":false,"activationEvent":"onLanguage:jsonc"}
[2019-01-21 23:49:04.277] [exthost] [info] ExtensionService#loadCommonJSModule /usr/lib/code/extensions/typescript-language-features/dist/extension
[2019-01-21 23:56:39.613] [exthost] [info] ExtensionService#_doActivateExtension ms-vscode.node-debug2 {"startup":false,"activationEvent":"onDebugInitialConfigurations"}
[2019-01-21 23:56:39.613] [exthost] [info] ExtensionService#loadCommonJSModule /usr/lib/code/extensions/ms-vscode.node-debug2/out/src/extension
[2019-01-21 23:56:39.687] [exthost] [info] ExtensionService#_doActivateExtension ms-vscode.node-debug {"startup":false,"activationEvent":"onDebugInitialConfigurations"}
[2019-01-21 23:56:39.687] [exthost] [info] ExtensionService#loadCommonJSModule /usr/lib/code/extensions/ms-vscode.node-debug/dist/extension.js
