[2019-01-25 00:01:29.949] [sharedprocess] [info] main {"machineId":"c4c6a15019671e780e9129586103970e5686d019dd1230557a9c8e55a93f59ed"}
[2019-01-25 00:01:30.498] [sharedprocess] [info] Scanned user extensions: 1
[2019-01-25 00:01:32.079] [sharedprocess] [info] Deleted from disk vscodevim.vim-1.0.2
[2019-01-25 00:01:32.080] [sharedprocess] [info] Scanned system extensions: 71
[2019-01-25 00:01:32.656] [sharedprocess] [info] Scanned user extensions: 1
[2019-01-25 00:01:32.667] [sharedprocess] [info] Scanned system extensions: 71
[2019-01-25 00:01:32.944] [sharedprocess] [info] Scanned user extensions: 1
[2019-01-25 00:02:09.951] [sharedprocess] [info] Starting to clean up unused language packs.
[2019-01-25 00:06:32.952] [sharedprocess] [info] Scanned user extensions: 1
[2019-01-25 00:11:32.957] [sharedprocess] [info] Scanned user extensions: 1
[2019-01-25 00:16:32.961] [sharedprocess] [info] Scanned user extensions: 1
[2019-01-25 00:21:32.965] [sharedprocess] [info] Scanned user extensions: 1
[2019-01-25 00:26:32.970] [sharedprocess] [info] Scanned user extensions: 1
[2019-01-25 00:31:32.974] [sharedprocess] [info] Scanned user extensions: 1
[2019-01-25 00:36:32.977] [sharedprocess] [info] Scanned user extensions: 1
[2019-01-25 00:41:32.981] [sharedprocess] [info] Scanned user extensions: 1
[2019-01-25 00:46:32.986] [sharedprocess] [info] Scanned user extensions: 1
[2019-01-25 00:51:32.990] [sharedprocess] [info] Scanned user extensions: 1
[2019-01-25 00:56:32.995] [sharedprocess] [info] Scanned user extensions: 1
[2019-01-25 01:01:32.999] [sharedprocess] [info] Scanned user extensions: 1
[2019-01-25 01:06:33.004] [sharedprocess] [info] Scanned user extensions: 1
[2019-01-25 01:11:33.008] [sharedprocess] [info] Scanned user extensions: 1
[2019-01-25 01:16:33.013] [sharedprocess] [info] Scanned user extensions: 1
[2019-01-25 01:21:33.018] [sharedprocess] [info] Scanned user extensions: 1
[2019-01-25 01:26:33.022] [sharedprocess] [info] Scanned user extensions: 1
[2019-01-25 01:31:33.026] [sharedprocess] [info] Scanned user extensions: 1
